<?xml version="1.0" encoding="UTF-8"?>
<coverage generated="1773706879218" clover="3.2.0">
  <project timestamp="1773706879218" name="All files">
    <metrics statements="21" coveredstatements="20" conditionals="0" coveredconditionals="0" methods="11" coveredmethods="10" elements="32" coveredelements="30" complexity="0" loc="21" ncloc="21" packages="2" files="3" classes="3"/>
    <package name="src">
      <metrics statements="1" coveredstatements="1" conditionals="0" coveredconditionals="0" methods="1" coveredmethods="1"/>
      <file name="App.tsx" path="C:/Users/oliwe/OneDrive/Dokumenty/REPOS/React Side Projects/Course/meme-generator/src/App.tsx">
        <metrics statements="1" coveredstatements="1" conditionals="0" coveredconditionals="0" methods="1" coveredmethods="1"/>
        <line num="6" count="5" type="stmt"/>
      </file>
    </package>
    <package name="src.components">
      <metrics statements="20" coveredstatements="19" conditionals="0" coveredconditionals="0" methods="10" coveredmethods="9"/>
      <file name="Header.tsx" path="C:/Users/oliwe/OneDrive/Dokumenty/REPOS/React Side Projects/Course/meme-generator/src/components/Header.tsx">
        <metrics statements="1" coveredstatements="1" conditionals="0" coveredconditionals="0" methods="1" coveredmethods="1"/>
        <line num="2" count="7" type="stmt"/>
      </file>
      <file name="Main.tsx" path="C:/Users/oliwe/OneDrive/Dokumenty/REPOS/React Side Projects/Course/meme-generator/src/components/Main.tsx">
        <metrics statements="19" coveredstatements="18" conditionals="0" coveredconditionals="0" methods="9" coveredmethods="8"/>
        <line num="6" count="58" type="stmt"/>
        <line num="13" count="58" type="stmt"/>
        <line num="14" count="58" type="stmt"/>
        <line num="16" count="58" type="stmt"/>
        <line num="17" count="10" type="stmt"/>
        <line num="18" count="10" type="stmt"/>
        <line num="20" count="10" type="stmt"/>
        <line num="21" count="10" type="stmt"/>
        <line num="23" count="0" type="stmt"/>
        <line num="26" count="58" type="stmt"/>
        <line num="27" count="1" type="stmt"/>
        <line num="28" count="1" type="stmt"/>
        <line num="29" count="1" type="stmt"/>
        <line num="31" count="1" type="stmt"/>
        <line num="32" count="1" type="stmt"/>
        <line num="40" count="58" type="stmt"/>
        <line num="41" count="44" type="stmt"/>
        <line num="43" count="44" type="stmt"/>
        <line num="49" count="58" type="stmt"/>
      </file>
    </package>
  </project>
</coverage>
