{"C:/Users/oliwe/OneDrive/Dokumenty/REPOS/React Side Projects/Course/meme-generator/src/App.tsx": {"path":"C:/Users/oliwe/OneDrive/Dokumenty/REPOS/React Side Projects/Course/meme-generator/src/App.tsx","statementMap":{"0":{"start":{"line":6,"column":4},"end":{"line":10,"column":null}}},"fnMap":{"0":{"name":"App","decl":{"start":{"line":4,"column":24},"end":{"line":4,"column":30}},"loc":{"start":{"line":4,"column":30},"end":{"line":12,"column":null}}}},"branchMap":{},"s":{"0":5},"f":{"0":5},"b":{}}
,"C:/Users/oliwe/OneDrive/Dokumenty/REPOS/React Side Projects/Course/meme-generator/src/components/Header.tsx": {"path":"C:/Users/oliwe/OneDrive/Dokumenty/REPOS/React Side Projects/Course/meme-generator/src/components/Header.tsx","statementMap":{"0":{"start":{"line":2,"column":4},"end":{"line":9,"column":null}}},"fnMap":{"0":{"name":"Header","decl":{"start":{"line":1,"column":24},"end":{"line":1,"column":33}},"loc":{"start":{"line":1,"column":33},"end":{"line":11,"column":null}}}},"branchMap":{},"s":{"0":7},"f":{"0":7},"b":{}}
,"C:/Users/oliwe/OneDrive/Dokumenty/REPOS/React Side Projects/Course/meme-generator/src/components/Main.tsx": {"path":"C:/Users/oliwe/OneDrive/Dokumenty/REPOS/React Side Projects/Course/meme-generator/src/components/Main.tsx","statementMap":{"0":{"start":{"line":6,"column":33},"end":{"line":11,"column":null}},"1":{"start":{"line":13,"column":28},"end":{"line":13,"column":null}},"2":{"start":{"line":14,"column":36},"end":{"line":14,"column":null}},"3":{"start":{"line":16,"column":4},"end":{"line":24,"column":null}},"4":{"start":{"line":17,"column":8},"end":{"line":23,"column":null}},"5":{"start":{"line":18,"column":25},"end":{"line":18,"column":35}},"6":{"start":{"line":20,"column":16},"end":{"line":20,"column":null}},"7":{"start":{"line":21,"column":16},"end":{"line":21,"column":null}},"8":{"start":{"line":23,"column":24},"end":{"line":23,"column":51}},"9":{"start":{"line":26,"column":26},"end":{"line":38,"column":null}},"10":{"start":{"line":27,"column":36},"end":{"line":27,"column":null}},"11":{"start":{"line":28,"column":36},"end":{"line":28,"column":null}},"12":{"start":{"line":29,"column":36},"end":{"line":29,"column":null}},"13":{"start":{"line":31,"column":8},"end":{"line":37,"column":null}},"14":{"start":{"line":32,"column":12},"end":{"line":36,"column":null}},"15":{"start":{"line":40,"column":25},"end":{"line":47,"column":null}},"16":{"start":{"line":41,"column":30},"end":{"line":41,"column":null}},"17":{"start":{"line":43,"column":8},"end":{"line":46,"column":null}},"18":{"start":{"line":43,"column":29},"end":{"line":46,"column":10}},"19":{"start":{"line":49,"column":4},"end":{"line":78,"column":null}}},"fnMap":{"0":{"name":"Main","decl":{"start":{"line":3,"column":24},"end":{"line":3,"column":31}},"loc":{"start":{"line":3,"column":31},"end":{"line":80,"column":null}}},"1":{"name":"(anonymous_1)","decl":{"start":{"line":16,"column":14},"end":{"line":16,"column":20}},"loc":{"start":{"line":16,"column":20},"end":{"line":24,"column":7}}},"2":{"name":"(anonymous_2)","decl":{"start":{"line":18,"column":18},"end":{"line":18,"column":25}},"loc":{"start":{"line":18,"column":25},"end":{"line":18,"column":35}}},"3":{"name":"(anonymous_3)","decl":{"start":{"line":19,"column":18},"end":{"line":19,"column":26}},"loc":{"start":{"line":19,"column":26},"end":{"line":22,"column":13}}},"4":{"name":"(anonymous_4)","decl":{"start":{"line":23,"column":19},"end":{"line":23,"column":24}},"loc":{"start":{"line":23,"column":24},"end":{"line":23,"column":51}}},"5":{"name":"(anonymous_5)","decl":{"start":{"line":26,"column":26},"end":{"line":26,"column":38}},"loc":{"start":{"line":26,"column":38},"end":{"line":38,"column":null}}},"6":{"name":"(anonymous_6)","decl":{"start":{"line":31,"column":16},"end":{"line":31,"column":null}},"loc":{"start":{"line":32,"column":12},"end":{"line":36,"column":null}}},"7":{"name":"(anonymous_7)","decl":{"start":{"line":40,"column":25},"end":{"line":40,"column":26}},"loc":{"start":{"line":40,"column":75},"end":{"line":47,"column":null}}},"8":{"name":"(anonymous_8)","decl":{"start":{"line":43,"column":16},"end":{"line":43,"column":29}},"loc":{"start":{"line":43,"column":29},"end":{"line":46,"column":10}}}},"branchMap":{},"s":{"0":58,"1":58,"2":58,"3":58,"4":10,"5":10,"6":10,"7":10,"8":0,"9":58,"10":1,"11":1,"12":1,"13":1,"14":1,"15":58,"16":44,"17":44,"18":44,"19":58},"f":{"0":58,"1":10,"2":10,"3":10,"4":0,"5":1,"6":1,"7":44,"8":44},"b":{}}
}
